c:\dev\cgue19-dodgeballsimulator\dodgeball_simulator\dodgeball_simulator\debug\vc141.pdb
c:\dev\cgue19-dodgeballsimulator\dodgeball_simulator\dodgeball_simulator\debug\vc141.idb
c:\dev\cgue19-dodgeballsimulator\dodgeball_simulator\dodgeball_simulator\debug\text_renderer.obj
c:\dev\cgue19-dodgeballsimulator\dodgeball_simulator\dodgeball_simulator\debug\stb_image.obj
c:\dev\cgue19-dodgeballsimulator\dodgeball_simulator\dodgeball_simulator\debug\playercharacter.obj
c:\dev\cgue19-dodgeballsimulator\dodgeball_simulator\dodgeball_simulator\debug\main.obj
c:\dev\cgue19-dodgeballsimulator\dodgeball_simulator\dodgeball_simulator\debug\glm.obj
c:\dev\cgue19-dodgeballsimulator\dodgeball_simulator\dodgeball_simulator\debug\enemy.obj
c:\dev\cgue19-dodgeballsimulator\dodgeball_simulator\dodgeball_simulator\debug\camera.obj
c:\dev\cgue19-dodgeballsimulator\dodgeball_simulator\dodgeball_simulator\debug\ball.obj
c:\dev\cgue19-dodgeballsimulator\dodgeball_simulator\debug\dodgeball_simulator.lib
c:\dev\cgue19-dodgeballsimulator\dodgeball_simulator\debug\dodgeball_simulator.exp
c:\dev\cgue19-dodgeballsimulator\dodgeball_simulator\dodgeball_simulator\debug\geometry.obj
c:\dev\cgue19-dodgeballsimulator\dodgeball_simulator\dodgeball_simulator\debug\main2.obj
c:\dev\cgue19-dodgeballsimulator\dodgeball_simulator\dodgeball_simulator\debug\material.obj
c:\dev\cgue19-dodgeballsimulator\dodgeball_simulator\dodgeball_simulator\debug\shader.obj
c:\dev\cgue19-dodgeballsimulator\dodgeball_simulator\dodgeball_simulator\debug\shpere.obj
c:\dev\cgue19-dodgeballsimulator\dodgeball_simulator\dodgeball_simulator\debug\square.obj
c:\dev\cgue19-dodgeballsimulator\dodgeball_simulator\debug\dodgeball_simulator.pdb
c:\dev\cgue19-dodgeballsimulator\dodgeball_simulator\dodgeball_simulator\debug\dodgebal.073f733c.tlog\cl.command.1.tlog
c:\dev\cgue19-dodgeballsimulator\dodgeball_simulator\dodgeball_simulator\debug\dodgebal.073f733c.tlog\cl.read.1.tlog
c:\dev\cgue19-dodgeballsimulator\dodgeball_simulator\dodgeball_simulator\debug\dodgebal.073f733c.tlog\cl.write.1.tlog
c:\dev\cgue19-dodgeballsimulator\dodgeball_simulator\dodgeball_simulator\debug\dodgebal.073f733c.tlog\dodgeball_simulator.write.1u.tlog
c:\dev\cgue19-dodgeballsimulator\dodgeball_simulator\dodgeball_simulator\debug\dodgebal.073f733c.tlog\link-cvtres.read.1.tlog
c:\dev\cgue19-dodgeballsimulator\dodgeball_simulator\dodgeball_simulator\debug\dodgebal.073f733c.tlog\link-cvtres.write.1.tlog
c:\dev\cgue19-dodgeballsimulator\dodgeball_simulator\dodgeball_simulator\debug\dodgebal.073f733c.tlog\link-rc.read.1.tlog
c:\dev\cgue19-dodgeballsimulator\dodgeball_simulator\dodgeball_simulator\debug\dodgebal.073f733c.tlog\link-rc.write.1.tlog
c:\dev\cgue19-dodgeballsimulator\dodgeball_simulator\dodgeball_simulator\debug\dodgebal.073f733c.tlog\link.command.1.tlog
c:\dev\cgue19-dodgeballsimulator\dodgeball_simulator\dodgeball_simulator\debug\dodgebal.073f733c.tlog\link.read.1.tlog
c:\dev\cgue19-dodgeballsimulator\dodgeball_simulator\dodgeball_simulator\debug\dodgebal.073f733c.tlog\link.write.1.tlog
