  Camera.cpp
c:\users\doris\desktop\ss2019\cg\dodgeball_simulator\dodgeball_simulator\camera.cpp(19): warning C4244: "=": Konvertierung von "double" in "T", möglicher Datenverlust
          with
          [
              T=float
          ]
c:\users\doris\desktop\ss2019\cg\dodgeball_simulator\dodgeball_simulator\camera.cpp(32): warning C4244: "+=": Konvertierung von "double" in "float", möglicher Datenverlust
c:\users\doris\desktop\ss2019\cg\dodgeball_simulator\dodgeball_simulator\camera.cpp(33): warning C4244: "+=": Konvertierung von "double" in "float", möglicher Datenverlust
c:\users\doris\desktop\ss2019\cg\dodgeball_simulator\dodgeball_simulator\camera.cpp(49): warning C4244: "=": Konvertierung von "double" in "T", möglicher Datenverlust
          with
          [
              T=float
          ]
c:\users\doris\desktop\ss2019\cg\dodgeball_simulator\dodgeball_simulator\camera.cpp(50): warning C4244: "=": Konvertierung von "double" in "T", möglicher Datenverlust
          with
          [
              T=float
          ]
c:\users\doris\desktop\ss2019\cg\dodgeball_simulator\dodgeball_simulator\camera.cpp(51): warning C4244: "=": Konvertierung von "double" in "T", möglicher Datenverlust
          with
          [
              T=float
          ]
  dodgeball_simulator.vcxproj -> C:\Users\Doris\Desktop\SS2019\CG\dodgeball_simulator\Debug\dodgeball_simulator.exe
