c:\users\doris\desktop\ss2019\cg\dodgeball_simulator\dodgeball_simulator\release\vc141.pdb
c:\users\doris\desktop\ss2019\cg\dodgeball_simulator\dodgeball_simulator\release\window.obj
c:\users\doris\desktop\ss2019\cg\dodgeball_simulator\dodgeball_simulator\release\text_renderer.obj
c:\users\doris\desktop\ss2019\cg\dodgeball_simulator\dodgeball_simulator\release\stb_image.obj
c:\users\doris\desktop\ss2019\cg\dodgeball_simulator\dodgeball_simulator\release\settings.obj
c:\users\doris\desktop\ss2019\cg\dodgeball_simulator\dodgeball_simulator\release\playercharacter.obj
c:\users\doris\desktop\ss2019\cg\dodgeball_simulator\dodgeball_simulator\release\main.obj
c:\users\doris\desktop\ss2019\cg\dodgeball_simulator\dodgeball_simulator\release\glm.obj
c:\users\doris\desktop\ss2019\cg\dodgeball_simulator\dodgeball_simulator\release\enemy.obj
c:\users\doris\desktop\ss2019\cg\dodgeball_simulator\dodgeball_simulator\release\collisioncallback.obj
c:\users\doris\desktop\ss2019\cg\dodgeball_simulator\dodgeball_simulator\release\camera.obj
c:\users\doris\desktop\ss2019\cg\dodgeball_simulator\dodgeball_simulator\release\ball.obj
c:\dev\cgue19-dodgeballsimulator\dodgeball_simulator\dodgeball_simulator\release\vc141.pdb
c:\dev\cgue19-dodgeballsimulator\dodgeball_simulator\dodgeball_simulator\release\window.obj
c:\dev\cgue19-dodgeballsimulator\dodgeball_simulator\dodgeball_simulator\release\text_renderer.obj
c:\dev\cgue19-dodgeballsimulator\dodgeball_simulator\dodgeball_simulator\release\stb_image.obj
c:\dev\cgue19-dodgeballsimulator\dodgeball_simulator\dodgeball_simulator\release\settings.obj
c:\dev\cgue19-dodgeballsimulator\dodgeball_simulator\dodgeball_simulator\release\main.obj
c:\dev\cgue19-dodgeballsimulator\dodgeball_simulator\dodgeball_simulator\release\glm.obj
c:\dev\cgue19-dodgeballsimulator\dodgeball_simulator\dodgeball_simulator\release\enemy.obj
c:\dev\cgue19-dodgeballsimulator\dodgeball_simulator\dodgeball_simulator\release\playercharacter.obj
c:\dev\cgue19-dodgeballsimulator\dodgeball_simulator\dodgeball_simulator\release\collisioncallback.obj
c:\dev\cgue19-dodgeballsimulator\dodgeball_simulator\dodgeball_simulator\release\camera.obj
c:\dev\cgue19-dodgeballsimulator\dodgeball_simulator\dodgeball_simulator\release\ball.obj
c:\users\doris\desktop\ss2019\cg\dodgeball_simulator\release\dodgeball_simulator.lib
c:\users\doris\desktop\ss2019\cg\dodgeball_simulator\release\dodgeball_simulator.exp
c:\users\doris\desktop\ss2019\cg\dodgeball_simulator\release\dodgeball_simulator.ipdb
c:\users\doris\desktop\ss2019\cg\dodgeball_simulator\release\dodgeball_simulator.iobj
c:\dev\cgue19-dodgeballsimulator\dodgeball_simulator\release\dodgeball_simulator.lib
c:\dev\cgue19-dodgeballsimulator\dodgeball_simulator\release\dodgeball_simulator.exp
c:\dev\cgue19-dodgeballsimulator\dodgeball_simulator\release\dodgeball_simulator.ipdb
c:\dev\cgue19-dodgeballsimulator\dodgeball_simulator\release\dodgeball_simulator.iobj
c:\dev\cgue19-dodgeballsimulator\dodgeball_simulator\release\dodgeball_simulator.exe
c:\dev\cgue19-dodgeballsimulator\dodgeball_simulator\release\dodgeball_simulator.pdb
c:\dev\cgue19-dodgeballsimulator\dodgeball_simulator\dodgeball_simulator\release\dodgebal.073f733c.tlog\cl.command.1.tlog
c:\dev\cgue19-dodgeballsimulator\dodgeball_simulator\dodgeball_simulator\release\dodgebal.073f733c.tlog\cl.read.1.tlog
c:\dev\cgue19-dodgeballsimulator\dodgeball_simulator\dodgeball_simulator\release\dodgebal.073f733c.tlog\cl.write.1.tlog
c:\dev\cgue19-dodgeballsimulator\dodgeball_simulator\dodgeball_simulator\release\dodgebal.073f733c.tlog\dodgeball_simulator.write.1u.tlog
c:\dev\cgue19-dodgeballsimulator\dodgeball_simulator\dodgeball_simulator\release\dodgebal.073f733c.tlog\link.command.1.tlog
c:\dev\cgue19-dodgeballsimulator\dodgeball_simulator\dodgeball_simulator\release\dodgebal.073f733c.tlog\link.read.1.tlog
c:\dev\cgue19-dodgeballsimulator\dodgeball_simulator\dodgeball_simulator\release\dodgebal.073f733c.tlog\link.write.1.tlog
