  Ball.cpp
  Camera.cpp
c:\dev\cgue19-dodgeballsimulator\dodgeball_simulator\dodgeball_simulator\camera.cpp(18): warning C4244: "=": Konvertierung von "double" in "T", möglicher Datenverlust
          with
          [
              T=float
          ]
c:\dev\cgue19-dodgeballsimulator\dodgeball_simulator\dodgeball_simulator\camera.cpp(29): warning C4244: "+=": Konvertierung von "double" in "float", möglicher Datenverlust
c:\dev\cgue19-dodgeballsimulator\dodgeball_simulator\dodgeball_simulator\camera.cpp(30): warning C4244: "+=": Konvertierung von "double" in "float", möglicher Datenverlust
  CollisionCallback.cpp
  enemy.cpp
  glm.cpp
  main.cpp
c:\dev\cgue19-dodgeballsimulator\dodgeball_simulator\dodgeball_simulator\main.cpp(106): warning C4244: "Initialisierung": Konvertierung von "double" in "float", möglicher Datenverlust
c:\dev\cgue19-dodgeballsimulator\dodgeball_simulator\dodgeball_simulator\main.cpp(190): warning C4244: "=": Konvertierung von "double" in "float", möglicher Datenverlust
c:\dev\cgue19-dodgeballsimulator\dodgeball_simulator\dodgeball_simulator\main.cpp(197): warning C4244: "Initialisierung": Konvertierung von "double" in "float", möglicher Datenverlust
c:\dev\cgue19-dodgeballsimulator\dodgeball_simulator\dodgeball_simulator\main.cpp(206): warning C4244: "Initialisierung": Konvertierung von "double" in "float", möglicher Datenverlust
c:\dev\cgue19-dodgeballsimulator\dodgeball_simulator\dodgeball_simulator\main.cpp(215): warning C4244: "Initialisierung": Konvertierung von "double" in "float", möglicher Datenverlust
  physics.cpp
c:\dev\cgue19-dodgeballsimulator\dodgeball_simulator\dodgeball_simulator\physics.cpp(44): warning C4305: "Argument": Verkürzung von "double" in "physx::PxReal"
c:\dev\cgue19-dodgeballsimulator\dodgeball_simulator\dodgeball_simulator\physics.cpp(82): warning C4305: "Argument": Verkürzung von "double" in "physx::PxReal"
  PlayerCharacter.cpp
  settings.cpp
c:\dev\cgue19-dodgeballsimulator\dodgeball_simulator\dodgeball_simulator\settings.cpp(90): warning C4244: "=": Konvertierung von "double" in "float", möglicher Datenverlust
c:\dev\cgue19-dodgeballsimulator\dodgeball_simulator\dodgeball_simulator\settings.cpp(91): warning C4244: "=": Konvertierung von "double" in "float", möglicher Datenverlust
c:\dev\cgue19-dodgeballsimulator\dodgeball_simulator\dodgeball_simulator\settings.cpp(95): warning C4244: "Initialisierung": Konvertierung von "double" in "float", möglicher Datenverlust
c:\dev\cgue19-dodgeballsimulator\dodgeball_simulator\dodgeball_simulator\settings.cpp(96): warning C4244: "Initialisierung": Konvertierung von "double" in "float", möglicher Datenverlust
c:\dev\cgue19-dodgeballsimulator\dodgeball_simulator\dodgeball_simulator\settings.cpp(98): warning C4244: "=": Konvertierung von "double" in "float", möglicher Datenverlust
c:\dev\cgue19-dodgeballsimulator\dodgeball_simulator\dodgeball_simulator\settings.cpp(99): warning C4244: "=": Konvertierung von "double" in "float", möglicher Datenverlust
  stb_image.cpp
  text_renderer.cpp
c:\dev\cgue19-dodgeballsimulator\dodgeball_simulator\dodgeball_simulator\text_renderer.cpp(62): warning C4838: Konvertierung von "FT_Pos" zu "GLuint" erfordert eine einschränkende Konvertierung
  window.cpp
physics.obj : error LNK2005: "class enemy * penemy2_character" (?penemy2_character@@3PAVenemy@@A) ist bereits in main.obj definiert.
physics.obj : error LNK2005: "class physx::PxDefaultErrorCallback gDefaultErrorCallback" (?gDefaultErrorCallback@@3VPxDefaultErrorCallback@physx@@A) ist bereits in main.obj definiert.
physics.obj : error LNK2005: "class physx::PxDefaultAllocator gDefaultAllocatorCallback" (?gDefaultAllocatorCallback@@3VPxDefaultAllocator@physx@@A) ist bereits in main.obj definiert.
physics.obj : error LNK2005: "class physx::PxPhysics * gPhysicsSDK" (?gPhysicsSDK@@3PAVPxPhysics@physx@@A) ist bereits in main.obj definiert.
physics.obj : error LNK2005: "class physx::PxRigidDynamic * playerActor" (?playerActor@@3PAVPxRigidDynamic@physx@@A) ist bereits in main.obj definiert.
physics.obj : error LNK2005: "class physx::PxRigidDynamic * enemy_characterActor" (?enemy_characterActor@@3PAVPxRigidDynamic@physx@@A) ist bereits in main.obj definiert.
physics.obj : error LNK2005: "class physx::PxRigidDynamic * ballActor" (?ballActor@@3PAVPxRigidDynamic@physx@@A) ist bereits in main.obj definiert.
physics.obj : error LNK2005: "class physx::PxFoundation * gFoundation" (?gFoundation@@3PAVPxFoundation@physx@@A) ist bereits in main.obj definiert.
physics.obj : error LNK2005: "class physx::PxRigidDynamic * enemy2_characterActor" (?enemy2_characterActor@@3PAVPxRigidDynamic@physx@@A) ist bereits in main.obj definiert.
physics.obj : error LNK2005: "class physx::PxScene * gScene" (?gScene@@3PAVPxScene@physx@@A) ist bereits in main.obj definiert.
physics.obj : error LNK2005: "class enemy * penemy_character" (?penemy_character@@3PAVenemy@@A) ist bereits in main.obj definiert.
physics.obj : error LNK2005: "class enemy * penemy3_character" (?penemy3_character@@3PAVenemy@@A) ist bereits in main.obj definiert.
physics.obj : error LNK2005: "class PlayerCharacter * pplayer" (?pplayer@@3PAVPlayerCharacter@@A) ist bereits in main.obj definiert.
physics.obj : error LNK2005: "class physx::PxRigidDynamic * enemy3_characterActor" (?enemy3_characterActor@@3PAVPxRigidDynamic@physx@@A) ist bereits in main.obj definiert.
     Bibliothek "C:\Dev\cgue19-dodgeballsimulator\dodgeball_simulator\Release\dodgeball_simulator.lib" und Objekt "C:\Dev\cgue19-dodgeballsimulator\dodgeball_simulator\Release\dodgeball_simulator.exp" werden erstellt.
main.obj : error LNK2001: Nicht aufgelöstes externes Symbol ""public: __thiscall physics::~physics(void)" (??1physics@@QAE@XZ)".
C:\Dev\cgue19-dodgeballsimulator\dodgeball_simulator\Release\dodgeball_simulator.exe : fatal error LNK1120: 1 nicht aufgelöste Externe
